\BOOKMARK [0][-]{section*.1}{\376\377\000D\000e\000d\000i\000c\000a\000t\000i\000o\000n}{}% 1
\BOOKMARK [0][-]{section*.2}{\376\377\000A\000c\000k\000n\000o\000w\000l\000e\000d\000g\000e\000m\000e\000n\000t\000s}{}% 2
\BOOKMARK [0][-]{section*.3}{\376\377\000P\000r\000e\000f\000a\000c\000e}{}% 3
\BOOKMARK [0][-]{v.0}{\376\377\000T\000a\000b\000l\000e\000\040\000o\000f\000\040\000C\000o\000n\000t\000e\000n\000t\000s}{}% 4
\BOOKMARK [0][-]{section*.5}{\376\377\000L\000i\000s\000t\000\040\000o\000f\000\040\000F\000i\000g\000u\000r\000e\000s}{}% 5
\BOOKMARK [0][-]{section*.6}{\376\377\000L\000i\000s\000t\000\040\000o\000f\000\040\000T\000a\000b\000l\000e\000s}{}% 6
\BOOKMARK [0][-]{section*.7}{\376\377\000L\000i\000s\000t\000\040\000o\000f\000\040\000P\000r\000o\000g\000r\000a\000m\000s}{}% 7
\BOOKMARK [0][-]{section*.9}{\376\377\000L\000i\000s\000t\000\040\000o\000f\000\040\000A\000p\000p\000e\000n\000d\000i\000c\000e\000s}{}% 8
\BOOKMARK [0][-]{section*.11}{\376\377\000L\000i\000s\000t\000\040\000o\000f\000\040\000A\000c\000r\000o\000n\000y\000m\000s}{}% 9
\BOOKMARK [0][-]{section*.12}{\376\377\000A\000b\000s\000t\000r\000a\000c\000t}{}% 10
\BOOKMARK [0][-]{chapter.1}{\376\377\000B\000a\000c\000k\000g\000r\000o\000u\000n\000d\000\040\000o\000n\000\040\000s\000t\000a\000t\000i\000c\000\040\000s\000y\000s\000t\000e\000m\000s}{}% 11
\BOOKMARK [0][-]{chapter.2}{\376\377\000R\000e\000c\000o\000n\000f\000i\000g\000u\000r\000a\000b\000l\000e\000\040\000t\000r\000u\000s\000s\000e\000s}{}% 12
\BOOKMARK [0][-]{chapter.3}{\376\377\000T\000o\000r\000s\000i\000o\000n\000a\000l\000\040\000s\000p\000r\000i\000n\000g\000s}{}% 13
\BOOKMARK [0][-]{chapter.4}{\376\377\000F\000u\000n\000c\000t\000i\000o\000n\000a\000l\000\040\000a\000p\000p\000l\000i\000c\000a\000t\000i\000o\000n\000s\000\040\000o\000f\000\040\000t\000r\000u\000s\000s\000e\000s}{}% 14
\BOOKMARK [0][-]{chapter.5}{\376\377\000C\000u\000r\000v\000e\000d\000-\000o\000r\000i\000g\000a\000m\000i\000\040\000h\000u\000l\000l\000s}{}% 15
\BOOKMARK [0][-]{chapter.6}{\376\377\000C\000o\000n\000c\000l\000u\000d\000i\000n\000g\000\040\000R\000e\000m\000a\000r\000k\000s\000\040\000a\000n\000d\000\040\000F\000u\000t\000u\000r\000e\000\040\000W\000o\000r\000k}{}% 16
\BOOKMARK [0][-]{chapter.7}{\376\377\000I\000n\000t\000r\000o\000d\000u\000c\000t\000i\000o\000n}{}% 17
\BOOKMARK [1][-]{section.7.1}{\376\377\000E\000x\000a\000m\000p\000l\000e\000\040\000S\000e\000c\000t\000i\000o\000n}{chapter.7}% 18
\BOOKMARK [1][-]{section.7.2}{\376\377\000E\000x\000a\000m\000p\000l\000e\000\040\000T\000a\000b\000l\000e\000s}{chapter.7}% 19
\BOOKMARK [1][-]{section.7.3}{\376\377\000E\000x\000a\000m\000p\000l\000e\000\040\000F\000i\000g\000u\000r\000e}{chapter.7}% 20
\BOOKMARK [0][-]{chapter.8}{\376\377\000C\000o\000n\000c\000l\000u\000s\000i\000o\000n}{}% 21
\BOOKMARK [0][-]{section*.17}{\376\377\000A\000p\000p\000e\000n\000d\000i\000c\000e\000s}{}% 22
\BOOKMARK [0][-]{Sequential kinematic simulation of multi-DOF reconfigurable trusses.0}{\376\377\000S\000e\000q\000u\000e\000n\000t\000i\000a\000l\000\040\000k\000i\000n\000e\000m\000a\000t\000i\000c\000\040\000s\000i\000m\000u\000l\000a\000t\000i\000o\000n\000\040\000o\000f\000\040\000m\000u\000l\000t\000i\000-\000D\000O\000F\000\040\000r\000e\000c\000o\000n\000f\000i\000g\000u\000r\000a\000b\000l\000e\000\040\000t\000r\000u\000s\000s\000e\000s}{}% 23
\BOOKMARK [1][-]{section.A.1}{\376\377\000P\000o\000s\000i\000t\000i\000o\000n\000\040\000a\000n\000a\000l\000y\000s\000i\000s\000\040\000o\000f\000\040\000a\000\040\000g\000e\000n\000e\000r\000a\000l\000\040\000q\000u\000a\000d\000r\000i\000l\000a\000t\000e\000r\000a\000l\000\040\000l\000i\000n\000k\000a\000g\000e}{Sequential kinematic simulation of multi-DOF reconfigurable trusses.0}% 24
\BOOKMARK [1][-]{section.A.2}{\376\377\000P\000o\000s\000i\000t\000i\000o\000n\000\040\000a\000n\000a\000l\000y\000s\000i\000s\000\040\000o\000f\000\040\0006\000\040\000b\000a\000r\000\040\000l\000i\000n\000k\000a\000g\000e\000\040\000w\000i\000t\000h\000\040\000a\000\040\000s\000i\000n\000g\000l\000e\000\040\000d\000e\000g\000r\000e\000e\000\040\000o\000f\000\040\000f\000r\000e\000e\000d\000o\000m}{Sequential kinematic simulation of multi-DOF reconfigurable trusses.0}% 25
\BOOKMARK [1][-]{section.A.3}{\376\377\000A\000\040\000n\000o\000t\000e\000\040\000o\000n\000\040\000t\000h\000e\000\040\000e\000x\000t\000e\000n\000t\000\040\000o\000f\000\040\000a\000c\000t\000u\000a\000t\000i\000o\000n\000\040\000o\000f\000\040\000a\000\040\000q\000u\000a\000d\000r\000i\000l\000a\000t\000e\000r\000a\000l\000\040\000l\000i\000n\000k\000a\000g\000e}{Sequential kinematic simulation of multi-DOF reconfigurable trusses.0}% 26
\BOOKMARK [0][-]{section*.23}{\376\377\000B\000i\000b\000l\000i\000o\000g\000r\000a\000p\000h\000y}{}% 27
